Der Buildvorgang wurde am 28-Jun-15 2:31:16 PM gestartet.
     1>Projekt "C:\Users\Avilain\GitHub\Bank\quellcode\with user Interface\BMS_GUI_EVENTS\BMS_GUI_EVENTS.vcxproj" auf Knoten "2", Build Ziel(e).
     1>ClCompile:
         C:\Program Files (x86)\Microsoft Visual Studio 12.0\VC\bin\CL.exe /c /AI"C:\Program Files (x86)\Reference Assemblies\Microsoft\Framework\.NETFramework\v4.5\\" /AI"C:\Program Files (x86)\Windows Kits\8.1\References\CommonConfiguration\Neutral" /AI"C:\Program Files (x86)\Reference Assemblies\Microsoft\Framework\.NETFramework\v4.5\Facades\\" /Zi /clr /nologo /W3 /WX- /Od /Oy- /D WIN32 /D _DEBUG /D _UNICODE /D UNICODE /EHa /MDd /GS /fp:precise /Zc:wchar_t /Zc:forScope /Fo"Debug\\" /Fd"Debug\vc120.pdb" /TP /FU"C:\Program Files (x86)\Reference Assemblies\Microsoft\Framework\.NETFramework\v4.5\mscorlib.dll" /FU"C:\Program Files (x86)\Reference Assemblies\Microsoft\Framework\.NETFramework\v4.5\System.Data.dll" /FU"C:\Program Files (x86)\Reference Assemblies\Microsoft\Framework\.NETFramework\v4.5\System.dll" /FU"C:\Program Files (x86)\Reference Assemblies\Microsoft\Framework\.NETFramework\v4.5\System.Drawing.dll" /FU"C:\Program Files (x86)\Reference Assemblies\Microsoft\Framework\.NETFramework\v4.5\System.Windows.Forms.dll" /FU"C:\Program Files (x86)\Reference Assemblies\Microsoft\Framework\.NETFramework\v4.5\System.Xml.dll" /analyze- /errorReport:prompt /clr:nostdlib Account.cpp checkingAccount.cpp control.cpp findRecord.cpp miscFunctions.cpp savingAccount.cpp stdafx.cpp
         Account.cpp
         checkingAccount.cpp
         control.cpp
         findRecord.cpp
         miscFunctions.cpp
         savingAccount.cpp
         stdafx.cpp
         Code wird generiert...
         C:\Program Files (x86)\Microsoft Visual Studio 12.0\VC\bin\CL.exe /c /AI"C:\Program Files (x86)\Reference Assemblies\Microsoft\Framework\.NETFramework\v4.5\\" /AI"C:\Program Files (x86)\Windows Kits\8.1\References\CommonConfiguration\Neutral" /AI"C:\Program Files (x86)\Reference Assemblies\Microsoft\Framework\.NETFramework\v4.5\Facades\\" /Zi /clr /nologo /W3 /WX- /Od /Oy- /D WIN32 /D _DEBUG /D _UNICODE /D UNICODE /EHa /MDd /GS /fp:precise /Zc:wchar_t /Zc:forScope /Fo"Debug\\" /Fd"Debug\vc120.pdb" /TP /FU"C:\Program Files (x86)\Reference Assemblies\Microsoft\Framework\.NETFramework\v4.5\mscorlib.dll" /FU"C:\Program Files (x86)\Reference Assemblies\Microsoft\Framework\.NETFramework\v4.5\System.Data.dll" /FU"C:\Program Files (x86)\Reference Assemblies\Microsoft\Framework\.NETFramework\v4.5\System.dll" /FU"C:\Program Files (x86)\Reference Assemblies\Microsoft\Framework\.NETFramework\v4.5\System.Drawing.dll" /FU"C:\Program Files (x86)\Reference Assemblies\Microsoft\Framework\.NETFramework\v4.5\System.Windows.Forms.dll" /FU"C:\Program Files (x86)\Reference Assemblies\Microsoft\Framework\.NETFramework\v4.5\System.Xml.dll" /analyze- /errorReport:prompt /clr:nostdlib main.cpp
         main.cpp
     1>c:\users\avilain\github\bank\quellcode\with user interface\bms_gui_events\MyForm.h(31): warning C4244: 'Argument': Konvertierung von 'wchar_t' in 'char', möglicher Datenverlust
     1>c:\users\avilain\github\bank\quellcode\with user interface\bms_gui_events\MyForm.h(44): warning C4996: 'sscanf': This function or variable may be unsafe. Consider using sscanf_s instead. To disable deprecation, use _CRT_SECURE_NO_WARNINGS. See online help for details.
                 C:\Program Files (x86)\Microsoft Visual Studio 12.0\VC\include\stdio.h(304): Siehe Deklaration von 'sscanf'
     1>c:\users\avilain\github\bank\quellcode\with user interface\bms_gui_events\myform.h(44): warning C4700: Die nicht initialisierte lokale Variable "zahl" wurde verwendet.
       Link:
         C:\Program Files (x86)\Microsoft Visual Studio 12.0\VC\bin\link.exe /ERRORREPORT:PROMPT /OUT:"C:\Users\Avilain\GitHub\Bank\quellcode\with user Interface\Debug\BMS_GUI_EVENTS.exe" /INCREMENTAL /NOLOGO /ASSEMBLYRESOURCE:Debug\BMS_GUI_EVENTS.MyForm.resources /MANIFEST /MANIFESTUAC:"level='asInvoker' uiAccess='false'" /manifest:embed /DEBUG /PDB:"C:\Users\Avilain\GitHub\Bank\quellcode\with user Interface\Debug\BMS_GUI_EVENTS.pdb" /ASSEMBLYDEBUG /SUBSYSTEM:WINDOWS /TLBID:1 /ENTRY:"main" /DYNAMICBASE /FIXED:NO /NXCOMPAT /MACHINE:X86 Debug\Account.obj
         Debug\checkingAccount.obj
         Debug\control.obj
         Debug\findRecord.obj
         Debug\miscFunctions.obj
         Debug\savingAccount.obj
         Debug\stdafx.obj
         "Debug\.NETFramework,Version=v4.5.AssemblyAttributes.obj"
         Debug\main.obj
         BMS_GUI_EVENTS.vcxproj -> C:\Users\Avilain\GitHub\Bank\quellcode\with user Interface\Debug\BMS_GUI_EVENTS.exe
     1>Die Erstellung des Projekts "C:\Users\Avilain\GitHub\Bank\quellcode\with user Interface\BMS_GUI_EVENTS\BMS_GUI_EVENTS.vcxproj" ist abgeschlossen, Build Ziel(e).

Build erfolgreich.

Verstrichene Zeit 00:00:07.35
